<?xml version="1.0" encoding="UTF-8"?>
<!-- Generated by org.testng.reporters.JUnitXMLReporter -->
<testsuite hostname="SARSCCwwFgjS2kJ" ignored="0" name="Surefire test" tests="2" failures="0" timestamp="2021-04-23T13:40:20 AEST" time="6.062" errors="0">
  <testcase name="runScenario" time="5.357" classname="io.cucumber.testng.AbstractTestNGCucumberTests"/>
  <testcase name="runScenario" time="5.751" classname="io.cucumber.testng.AbstractTestNGCucumberTests"/>
</testsuite> <!-- Surefire test -->
