<?xml version="1.0" encoding="UTF-8"?>
<!-- Generated by org.testng.reporters.JUnitXMLReporter -->
<testsuite hostname="SARSCCwwFgjS2kJ" ignored="0" name="Surefire test" tests="3" failures="0" timestamp="2021-04-20T08:40:36 AEST" time="15.603" errors="0">
  <testcase name="search" time="4.154" classname="testcases.searchTest"/>
  <testcase name="runScenario" time="5.553" classname="io.cucumber.testng.AbstractTestNGCucumberTests"/>
  <testcase name="runScenario" time="6.872" classname="io.cucumber.testng.AbstractTestNGCucumberTests"/>
</testsuite> <!-- Surefire test -->
